error: TODO MAL :(
warn: Algo no tan malo ocurrio
error: TODO MAL :(
warn: Algo no tan malo ocurrio
error: TODO MAL :(
warn: Algo no tan malo ocurrio
error: TODO MAL :(
warn: Algo no tan malo ocurrio
error: TODO MAL :(
warn: Algo no tan malo ocurrio
error: TODO MAL :(
warn: Algo no tan malo ocurrio
warn: undefined
warn: {}
warn: {}
warn: "gdfshjsdjgsjdfgjsdgfjhdsgfgjhsgjhsgdf is not defined"
warn: gdfshjsdjgsjdfgjsdgfjhdsgfgjhsgjhsgdf is not defined"ReferenceError: gdfshjsdjgsjdfgjsdgfjhdsgfgjhsgjhsgdf is not defined\n    at file:///D:/clase34-logs/src/app.js:17:5\n    at Layer.handle [as handle_request] (D:\\clase34-logs\\node_modules\\express\\lib\\router\\layer.js:95:5)\n    at next (D:\\clase34-logs\\node_modules\\express\\lib\\router\\route.js:144:13)\n    at Route.dispatch (D:\\clase34-logs\\node_modules\\express\\lib\\router\\route.js:114:3)\n    at Layer.handle [as handle_request] (D:\\clase34-logs\\node_modules\\express\\lib\\router\\layer.js:95:5)\n    at D:\\clase34-logs\\node_modules\\express\\lib\\router\\index.js:284:15\n    at Function.process_params (D:\\clase34-logs\\node_modules\\express\\lib\\router\\index.js:346:12)\n    at next (D:\\clase34-logs\\node_modules\\express\\lib\\router\\index.js:280:10)\n    at addLogger (file:///D:/clase34-logs/src/utils/logger.js:22:3)\n    at Layer.handle [as handle_request] (D:\\clase34-logs\\node_modules\\express\\lib\\router\\layer.js:95:5)"
warn: gdfshjsdjgsjdfgjsdgfjhdsgfgjhsgjhsgdf is not defined
warn: gdfshjsdjgsjdfgjsdgfjhdsgfgjhsgjhsgdf is not defined
warn: sdfsdgsfd is not defined {"stack":"\"ReferenceError: sdfsdgsfd is not defined\\n    at file:///D:/clase34-logs/src/app.js:31:5\\n    at Layer.handle [as handle_request] (D:\\\\clase34-logs\\\\node_modules\\\\express\\\\lib\\\\router\\\\layer.js:95:5)\\n    at next (D:\\\\clase34-logs\\\\node_modules\\\\express\\\\lib\\\\router\\\\route.js:144:13)\\n    at Route.dispatch (D:\\\\clase34-logs\\\\node_modules\\\\express\\\\lib\\\\router\\\\route.js:114:3)\\n    at Layer.handle [as handle_request] (D:\\\\clase34-logs\\\\node_modules\\\\express\\\\lib\\\\router\\\\layer.js:95:5)\\n    at D:\\\\clase34-logs\\\\node_modules\\\\express\\\\lib\\\\router\\\\index.js:284:15\\n    at Function.process_params (D:\\\\clase34-logs\\\\node_modules\\\\express\\\\lib\\\\router\\\\index.js:346:12)\\n    at next (D:\\\\clase34-logs\\\\node_modules\\\\express\\\\lib\\\\router\\\\index.js:280:10)\\n    at addLogger (file:///D:/clase34-logs/src/utils/logger.js:22:3)\\n    at Layer.handle [as handle_request] (D:\\\\clase34-logs\\\\node_modules\\\\express\\\\lib\\\\router\\\\layer.js:95:5)\""}
error: undefined
warn: gdfshjsdjgsjdfgjsdgfjhdsgfgjhsgjhsgdf is not defined
warn: sdfsdgsfd is not defined {"stack":"\"ReferenceError: sdfsdgsfd is not defined\\n    at file:///D:/clase34-logs/src/app.js:31:5\\n    at Layer.handle [as handle_request] (D:\\\\clase34-logs\\\\node_modules\\\\express\\\\lib\\\\router\\\\layer.js:95:5)\\n    at next (D:\\\\clase34-logs\\\\node_modules\\\\express\\\\lib\\\\router\\\\route.js:144:13)\\n    at Route.dispatch (D:\\\\clase34-logs\\\\node_modules\\\\express\\\\lib\\\\router\\\\route.js:114:3)\\n    at Layer.handle [as handle_request] (D:\\\\clase34-logs\\\\node_modules\\\\express\\\\lib\\\\router\\\\layer.js:95:5)\\n    at D:\\\\clase34-logs\\\\node_modules\\\\express\\\\lib\\\\router\\\\index.js:284:15\\n    at Function.process_params (D:\\\\clase34-logs\\\\node_modules\\\\express\\\\lib\\\\router\\\\index.js:346:12)\\n    at next (D:\\\\clase34-logs\\\\node_modules\\\\express\\\\lib\\\\router\\\\index.js:280:10)\\n    at addLogger (file:///D:/clase34-logs/src/utils/logger.js:22:3)\\n    at Layer.handle [as handle_request] (D:\\\\clase34-logs\\\\node_modules\\\\express\\\\lib\\\\router\\\\layer.js:95:5)\""}
error: undefined
warn: gdfshjsdjgsjdfgjsdgfjhdsgfgjhsgjhsgdf is not defined
error: sdfsdgsfd is not defined {"stack":"\"ReferenceError: sdfsdgsfd is not defined\\n    at file:///D:/clase34-logs/src/app.js:31:5\\n    at Layer.handle [as handle_request] (D:\\\\clase34-logs\\\\node_modules\\\\express\\\\lib\\\\router\\\\layer.js:95:5)\\n    at next (D:\\\\clase34-logs\\\\node_modules\\\\express\\\\lib\\\\router\\\\route.js:144:13)\\n    at Route.dispatch (D:\\\\clase34-logs\\\\node_modules\\\\express\\\\lib\\\\router\\\\route.js:114:3)\\n    at Layer.handle [as handle_request] (D:\\\\clase34-logs\\\\node_modules\\\\express\\\\lib\\\\router\\\\layer.js:95:5)\\n    at D:\\\\clase34-logs\\\\node_modules\\\\express\\\\lib\\\\router\\\\index.js:284:15\\n    at Function.process_params (D:\\\\clase34-logs\\\\node_modules\\\\express\\\\lib\\\\router\\\\index.js:346:12)\\n    at next (D:\\\\clase34-logs\\\\node_modules\\\\express\\\\lib\\\\router\\\\index.js:280:10)\\n    at addLogger (file:///D:/clase34-logs/src/utils/logger.js:22:3)\\n    at Layer.handle [as handle_request] (D:\\\\clase34-logs\\\\node_modules\\\\express\\\\lib\\\\router\\\\layer.js:95:5)\""}
